Removed Pin From Net: NetName=GND Pin=*-3
Removed Pin From Net: NetName=GND Pin=C1-1
Removed Pin From Net: NetName=GND Pin=C2-1
Removed Pin From Net: NetName=GND Pin=C3-1
Removed Pin From Net: NetName=GND Pin=P2-1
Removed Pin From Net: NetName=GND Pin=R9-1
Change Component Designator: OldDesignator=* NewDesignator=U?
Change Component Designator: OldDesignator=R1 NewDesignator=1k5 Ohm
Change Net Name : Old Net Name=ADD New Net Name=NetR9_2
Change Net Name : Old Net Name=NetD1_1 New Net Name=Net1k5 Ohm_1
Change Net Name : Old Net Name=V_In New Net Name=Net1k5 Ohm_2
Change Net Name : Old Net Name=V_Out New Net Name=NetC2_2
Added Pin To Net: NetName=NetC1_1 Pin=C1-1
Added Pin To Net: NetName=NetC1_1 Pin=C2-1
Added Pin To Net: NetName=NetC1_1 Pin=C3-1
Added Pin To Net: NetName=NetC1_1 Pin=P2-1
Added Pin To Net: NetName=NetC1_1 Pin=R9-1
Added Pin To Net: NetName=NetC1_1 Pin=U?-3
Added Net: Name=NetC1_1
Added Member To Class: ClassName=SeniorDesign_PowerBoard_Rev3 Member=Component J1 614104190121
